<?xml version="1.0" encoding="UTF-8"?>
<!-- Generated by org.testng.reporters.JUnitReportReporter -->
<testsuite hostname="AAnsari" failures="0" tests="1" name="com.inetbanking.testCases.TC_AddCustomerDDT_004" time="0.000" errors="0" timestamp="2022-09-11T12:27:36 COT" skipped="1">
  <testcase classname="com.inetbanking.testCases.TC_AddCustomerDDT_004" name="addNewCustomerDDT" time="0.000">
    <skipped/>
  </testcase> <!-- addNewCustomerDDT -->
  <system-out/>
</testsuite> <!-- com.inetbanking.testCases.TC_AddCustomerDDT_004 -->
